<?xml version="1.0" encoding="UTF-8"?>
<testsuite xmlns:xsi="http://www.w3.org/2001/XMLSchema-instance" xsi:noNamespaceSchemaLocation="https://maven.apache.org/surefire/maven-surefire-plugin/xsd/surefire-test-report.xsd" name="dao.ImageDaoTest" time="0.097" tests="5" errors="0" skipped="0" failures="0">
  <properties>
[...]
</properties>
  <testcase name="selectAll" classname="dao.ImageDaoTest" time="0.004"/>
  <testcase name="selectOne" classname="dao.ImageDaoTest" time="0.001"/>
  <testcase name="delete" classname="dao.ImageDaoTest" time="0.001"/>
  <testcase name="insert" classname="dao.ImageDaoTest" time="0.013"/>
  <testcase name="selectByMD5" classname="dao.ImageDaoTest" time="0"/>
</testsuite>